<?xml version="1.0" encoding="UTF-8"?>
<testsuite name="VenueTest" tests="9" skipped="0" failures="0" errors="0" timestamp="2016-05-14T01:47:07" hostname="epicodus-58.local" time="0.134">
  <properties/>
  <testcase name="save_savesObjectIntoDatabase_true" classname="VenueTest" time="0.016"/>
  <testcase name="getVenueName_venueInstantiatesWithVenueName_String" classname="VenueTest" time="0.005"/>
  <testcase name="find_findsVenueInDatabase_true" classname="VenueTest" time="0.019"/>
  <testcase name="all_emptyAtFirst_0" classname="VenueTest" time="0.009"/>
  <testcase name="equals_returnsTrueIfVenueNamesAretheSame_true" classname="VenueTest" time="0.005"/>
  <testcase name="Venue_instantiatesCorrectly_true" classname="VenueTest" time="0.006"/>
  <testcase name="addBand_addsBandToVenue" classname="VenueTest" time="0.03"/>
  <testcase name="save_assignsIdToObject_int" classname="VenueTest" time="0.013"/>
  <testcase name="getBandName_returnsAllBands_List" classname="VenueTest" time="0.028"/>
  <system-out><![CDATA[]]></system-out>
  <system-err><![CDATA[]]></system-err>
</testsuite>
